<?xml version="1.0" encoding="UTF-8"?>
<!-- Generated by org.testng.reporters.JUnitReportReporter -->
<testsuite hostname="DESKTOP-DVUMH6U" failures="0" tests="2" name="tests.Test2" time="0.000" errors="0" timestamp="29 May 2023 03:32:45 GMT" skipped="0">
  <testcase classname="tests.Test2" name="test3" time="0.000"/>
  <testcase classname="tests.Test2" name="test4" time="0.000"/>
</testsuite> <!-- tests.Test2 -->
